Arguments: 
  C:\Program Files\nodejs\node.exe C:\Users\GNANHI\AppData\Roaming\npm\node_modules\yarn\bin\yarn.js

PATH: 
  C:\ProgramData\Oracle\Java\javapath;C:\Windows\system32;C:\Windows;C:\Windows\System32\Wbem;C:\Windows\System32\WindowsPowerShell\v1.0\;C:\Program Files\nodejs\;C:\wamp64\bin\php\php7.1.9;C:\ProgramData\ComposerSetup\bin;C:\SWTOOLS\ReadyApps;C:\Program Files (x86)\Common Files\Lenovo;C:\Program Files\Common Files\Autodesk Shared\;C:\php\;C:\Program Files\Redis;C:\;C:\Program Files (x86)\Fuse\;C:\Program Files (x86)\QuickTime\QTSystem\;C:\Program Files\PuTTY\;C:\Program Files\Git\cmd;C:\Ruby25-x64\bin;C:\Users\GNANHI\AppData\Local\atom\bin;C:\Program Files\Microsoft VS Code\bin;C:\Users\GNANHI\AppData\Roaming\npm;C:\Users\GNANHI\AppData\Roaming\Composer\vendor\bin;C:\Program Files\Git\bin;C:\Program Files\Python36

Yarn version: 
  1.5.0

Node version: 
  8.5.0

Platform: 
  win32 x64

npm manifest: 
  {
      "name": "ivoiro",
      "version": "0.1.0",
      "description": "Librairie Javascript pour la gestion des format des montants et numéro de téléphone version ivoirienne",
      "main": "index.js",
      "scripts": {
          "test": "mocha -r ts-node/register -r jsdom-global/register test/**/*.spec.ts"
      },
      "keywords": [
          "Côte d'ivoire",
          "JavaScript",
          "Format monetaire",
          "Vérification du réseaux mobile d'un numéro",
          "Made in CI",
          "EnighmaLab",
          "Aneya.inc"
      ],
      "author": "Gabeta Soro",
      "license": "MIT",
      "devDependencies": {
          "@types/chai": "^4.1.2",
          "@types/mocha": "^5.0.0",
          "chai": "^4.1.2",
          "jsdom": "^11.6.2",
          "jsdom-global": "^3.0.2",
          "mocha": "^5.0.5",
          "ts-node": "^5.0.1",
          "typescript": "^2.8.1"
      }
  }

yarn manifest: 
  No manifest

Lockfile: 
  No lockfile

Trace: 
  Error: read ECONNRESET
      at _errnoException (util.js:1026:11)
      at TLSWrap.onread (net.js:606:25)
